<?xml version="1.0" encoding="UTF-8"?>
<coverage generated="1652270197449" clover="3.2.0">
  <project timestamp="1652270197449" name="All files">
    <metrics statements="1" coveredstatements="0" conditionals="0" coveredconditionals="0" methods="0" coveredmethods="0" elements="1" coveredelements="0" complexity="0" loc="1" ncloc="1" packages="1" files="1" classes="1"/>
    <file name="index.vue" path="/Users/josephblanchard/Documents/insa3/web_p/cookinsa/pages/index.vue">
      <metrics statements="1" coveredstatements="0" conditionals="0" coveredconditionals="0" methods="0" coveredmethods="0"/>
      <line num="9" count="0" type="stmt"/>
    </file>
  </project>
</coverage>
